{
  "RSpec": {
    "coverage": {
      "D:/Ruby/ruby2/lib/company.rb": [
        1,
        1,
        null,
        null,
        1,
        1,
        18,
        null,
        18,
        17,
        17,
        null,
        null,
        86,
        null,
        null,
        1,
        5,
        20,
        null,
        null,
        5,
        8,
        5,
        null,
        3,
        null,
        null,
        1,
        1,
        5,
        null,
        1,
        1,
        1,
        null,
        0,
        null,
        1,
        null,
        null,
        1,
        1,
        null,
        1,
        0,
        null,
        1,
        1,
        1,
        null,
        null,
        null,
        1,
        2,
        8,
        null,
        null,
        null,
        1,
        9,
        3,
        null,
        1,
        null,
        null,
        1,
        2,
        2,
        4,
        null,
        null,
        2,
        null,
        1,
        null,
        null,
        1,
        2,
        null,
        1,
        null,
        null,
        1,
        13,
        4,
        null,
        1,
        null,
        2,
        null,
        1,
        null,
        3,
        null,
        null,
        1,
        3,
        12,
        null,
        3,
        7,
        3,
        null,
        3,
        null,
        1,
        null
      ],
      "D:/Ruby/ruby2/lib/reading_module.rb": [
        1,
        null,
        null,
        1,
        1,
        17,
        17,
        68,
        null,
        17,
        null,
        null,
        1,
        null
      ],
      "D:/Ruby/ruby2/lib/subscriber.rb": [
        null,
        1,
        1,
        70,
        70,
        70,
        70,
        null,
        null,
        1,
        null,
        14,
        null,
        null,
        null,
        1,
        null
      ],
      "D:/Ruby/ruby2/lib/user_interaction.rb": [
        1,
        null,
        null,
        1,
        1,
        1,
        null,
        1,
        null,
        1,
        0,
        0,
        null,
        null,
        1,
        0,
        0,
        0,
        0,
        0,
        0,
        0,
        0,
        null,
        null,
        1,
        0,
        0,
        null,
        0,
        null,
        0,
        null,
        0,
        null,
        0,
        null,
        0,
        null,
        0,
        null,
        0,
        null,
        0,
        0,
        null,
        0,
        null,
        null,
        1,
        24,
        null,
        null,
        1,
        1,
        null,
        1,
        1,
        1,
        null,
        null,
        1,
        4,
        4,
        4,
        4,
        null,
        null,
        1,
        8,
        8,
        null,
        null,
        1,
        5,
        5,
        5,
        null,
        1,
        1,
        1,
        null,
        null,
        1,
        5,
        5,
        5,
        null,
        null,
        1,
        1,
        1,
        1,
        null,
        0,
        null,
        null,
        null,
        1,
        2,
        2,
        2,
        2,
        1,
        null,
        0,
        0,
        0,
        null,
        null,
        null,
        1,
        2,
        2,
        null,
        null,
        1,
        1,
        1,
        1,
        null,
        1,
        null,
        null,
        1,
        1,
        1,
        null,
        null,
        1,
        5,
        5,
        5,
        4,
        null,
        1,
        1,
        null,
        null,
        1,
        1,
        null,
        null,
        1,
        1,
        1,
        1,
        null,
        null,
        1,
        4,
        4,
        4,
        null,
        1,
        1,
        null,
        0,
        0,
        null,
        null,
        1,
        1,
        1,
        null,
        null
      ]
    },
    "timestamp": 1544041765
  }
}
